<?xml version="1.0" encoding="UTF-8"?>
<!-- Generated by org.testng.reporters.JUnitReportReporter -->
<testsuite hostname="DESKTOP-PDS6BS2" failures="0" tests="2" name="com.mystore.qa.testcases.SignupPageTest" time="35.779" errors="0" timestamp="2025-03-22T00:12:05 IST" skipped="0">
  <testcase classname="com.mystore.qa.testcases.SignupPageTest" name="signupPageValidationTest" time="13.877"/>
  <testcase classname="com.mystore.qa.testcases.SignupPageTest" name="createNewAccountTest" time="21.902"/>
</testsuite> <!-- com.mystore.qa.testcases.SignupPageTest -->
