<?xml version="1.0" encoding="UTF-8"?>
<!-- Generated by org.testng.reporters.JUnitReportReporter -->
<testsuite hostname="DESKTOP-PDS6BS2" failures="0" tests="1" name="com.mystore.qa.testcases.SearchProductPageTest" time="49.395" errors="0" timestamp="2025-03-25T23:51:30 IST" skipped="0">
  <testcase classname="com.mystore.qa.testcases.SearchProductPageTest" name="SearchProductTest" time="49.395"/>
</testsuite> <!-- com.mystore.qa.testcases.SearchProductPageTest -->
