<?xml version="1.0" encoding="UTF-8"?>
<!-- Generated by org.testng.reporters.JUnitReportReporter -->
<testsuite hostname="DESKTOP-PDS6BS2" failures="0" tests="2" name="com.mystore.qa.testcases.IndexPageTest" time="22.850" errors="0" timestamp="2025-03-17T23:52:45 IST" skipped="0">
  <testcase classname="com.mystore.qa.testcases.IndexPageTest" name="indexPageValidationTest" time="9.638"/>
  <testcase classname="com.mystore.qa.testcases.IndexPageTest" name="clickSiginBtnTest" time="13.212"/>
</testsuite> <!-- com.mystore.qa.testcases.IndexPageTest -->
