<?xml version="1.0" encoding="UTF-8"?>
<!-- Generated by org.testng.reporters.JUnitReportReporter -->
<testsuite hostname="DESKTOP-PDS6BS2" failures="0" tests="2" name="com.mystore.qa.testcases.IndexPageTest" time="19.034" errors="0" timestamp="2025-03-22T00:12:05 IST" skipped="0">
  <testcase classname="com.mystore.qa.testcases.IndexPageTest" name="indexPageValidationTest" time="7.822"/>
  <testcase classname="com.mystore.qa.testcases.IndexPageTest" name="clickSiginBtnTest" time="11.212"/>
</testsuite> <!-- com.mystore.qa.testcases.IndexPageTest -->
