<?xml version="1.0" encoding="UTF-8"?>
<!-- Generated by org.testng.reporters.JUnitReportReporter -->
<testsuite hostname="DESKTOP-PDS6BS2" failures="0" tests="2" name="com.mystore.qa.testcases.IndexPageTest" time="72.675" errors="0" timestamp="2025-03-21T23:54:35 IST" skipped="0">
  <testcase classname="com.mystore.qa.testcases.IndexPageTest" name="indexPageValidationTest" time="34.483"/>
  <testcase classname="com.mystore.qa.testcases.IndexPageTest" name="clickSiginBtnTest" time="38.192"/>
</testsuite> <!-- com.mystore.qa.testcases.IndexPageTest -->
