<?xml version="1.0" encoding="UTF-8"?>
<!-- Generated by org.testng.reporters.JUnitReportReporter -->
<testsuite hostname="DESKTOP-PDS6BS2" failures="0" tests="2" name="com.mystore.qa.testcases.SignupPageTest" time="34.417" errors="0" timestamp="2025-03-27T01:58:58 IST" skipped="0">
  <testcase classname="com.mystore.qa.testcases.SignupPageTest" name="signupPageValidationTest" time="12.929"/>
  <testcase classname="com.mystore.qa.testcases.SignupPageTest" name="createNewAccountTest" time="21.488"/>
</testsuite> <!-- com.mystore.qa.testcases.SignupPageTest -->
