<?xml version="1.0" encoding="UTF-8"?>
<!-- Generated by org.testng.reporters.JUnitReportReporter -->
<testsuite hostname="DESKTOP-PDS6BS2" failures="0" tests="1" name="com.mystore.qa.testcases.BuyProductPageTest" time="57.691" errors="0" timestamp="2025-03-29T01:20:26 IST" skipped="0">
  <testcase classname="com.mystore.qa.testcases.BuyProductPageTest" name="buyProductTest" time="57.691"/>
</testsuite> <!-- com.mystore.qa.testcases.BuyProductPageTest -->
