<?xml version="1.0" encoding="UTF-8"?>
<!-- Generated by org.testng.reporters.JUnitReportReporter -->
<testsuite hostname="DESKTOP-PDS6BS2" failures="0" tests="2" name="com.mystore.qa.testcases.LoginPageTest" time="62.553" errors="0" timestamp="2025-03-27T01:58:58 IST" skipped="0">
  <testcase classname="com.mystore.qa.testcases.LoginPageTest" name="loginPageValidationTest" time="11.497"/>
  <testcase classname="com.mystore.qa.testcases.LoginPageTest" name="loginTest" time="51.056"/>
</testsuite> <!-- com.mystore.qa.testcases.LoginPageTest -->
