<?xml version="1.0" encoding="UTF-8"?>
<!-- Generated by org.testng.reporters.JUnitReportReporter -->
<testsuite hostname="DESKTOP-PDS6BS2" failures="0" tests="2" name="com.mystore.qa.testcases.LoginPageTest" time="30.326" errors="0" timestamp="2025-03-21T23:54:35 IST" skipped="0">
  <testcase classname="com.mystore.qa.testcases.LoginPageTest" name="loginPageValidationTest" time="12.789"/>
  <testcase classname="com.mystore.qa.testcases.LoginPageTest" name="loginTest" time="17.537"/>
</testsuite> <!-- com.mystore.qa.testcases.LoginPageTest -->
