<?xml version="1.0" encoding="UTF-8"?>
<!-- Generated by org.testng.reporters.JUnitReportReporter -->
<testsuite hostname="DESKTOP-PDS6BS2" failures="0" tests="2" name="com.mystore.qa.testcases.IndexPageTest" time="21.225" errors="0" timestamp="2025-03-19T00:12:01 IST" skipped="0">
  <testcase classname="com.mystore.qa.testcases.IndexPageTest" name="indexPageValidationTest" time="9.275"/>
  <testcase classname="com.mystore.qa.testcases.IndexPageTest" name="clickSiginBtnTest" time="11.950"/>
</testsuite> <!-- com.mystore.qa.testcases.IndexPageTest -->
