<?xml version="1.0" encoding="UTF-8"?>
<!-- Generated by org.testng.reporters.JUnitReportReporter -->
<testsuite hostname="DESKTOP-PDS6BS2" failures="0" tests="2" name="com.mystore.qa.testcases.SignupPageTest" time="29.993" errors="0" timestamp="2025-03-19T00:12:01 IST" skipped="0">
  <testcase classname="com.mystore.qa.testcases.SignupPageTest" name="signupPageValidationTest" time="10.373"/>
  <testcase classname="com.mystore.qa.testcases.SignupPageTest" name="createNewAccountTest" time="19.620"/>
</testsuite> <!-- com.mystore.qa.testcases.SignupPageTest -->
