<?xml version="1.0" encoding="UTF-8"?>
<!-- Generated by org.testng.reporters.JUnitReportReporter -->
<testsuite hostname="DESKTOP-PDS6BS2" failures="0" tests="2" name="com.mystore.qa.testcases.IndexPageTest" time="54.852" errors="0" timestamp="2025-03-14T17:35:55 IST" skipped="0">
  <testcase classname="com.mystore.qa.testcases.IndexPageTest" name="indexPageValidationTest" time="40.825"/>
  <testcase classname="com.mystore.qa.testcases.IndexPageTest" name="clickSiginBtnTest" time="14.027"/>
</testsuite> <!-- com.mystore.qa.testcases.IndexPageTest -->
