<?xml version="1.0" encoding="UTF-8"?>
<!-- Generated by org.testng.reporters.JUnitReportReporter -->
<testsuite hostname="DESKTOP-PDS6BS2" failures="0" tests="2" name="com.mystore.qa.testcases.LoginPageTest" time="30.445" errors="0" timestamp="2025-03-22T00:12:05 IST" skipped="0">
  <testcase classname="com.mystore.qa.testcases.LoginPageTest" name="loginPageValidationTest" time="13.741"/>
  <testcase classname="com.mystore.qa.testcases.LoginPageTest" name="loginTest" time="16.704"/>
</testsuite> <!-- com.mystore.qa.testcases.LoginPageTest -->
