<?xml version="1.0" encoding="UTF-8"?>
<!-- Generated by org.testng.reporters.JUnitReportReporter -->
<testsuite hostname="DESKTOP-PDS6BS2" failures="0" tests="2" name="com.mystore.qa.testcases.LoginPageTest" time="52.383" errors="0" timestamp="2025-03-25T23:51:30 IST" skipped="0">
  <testcase classname="com.mystore.qa.testcases.LoginPageTest" name="loginPageValidationTest" time="35.365"/>
  <testcase classname="com.mystore.qa.testcases.LoginPageTest" name="loginTest" time="17.018"/>
</testsuite> <!-- com.mystore.qa.testcases.LoginPageTest -->
