<?xml version="1.0" encoding="UTF-8"?>
<!-- Generated by org.testng.reporters.JUnitReportReporter -->
<testsuite hostname="DESKTOP-PDS6BS2" failures="0" tests="2" name="com.mystore.qa.testcases.LoginPageTest" time="25.519" errors="0" timestamp="2025-03-17T23:52:45 IST" skipped="0">
  <testcase classname="com.mystore.qa.testcases.LoginPageTest" name="loginPageValidationTest" time="12.202"/>
  <testcase classname="com.mystore.qa.testcases.LoginPageTest" name="loginTest" time="13.317"/>
</testsuite> <!-- com.mystore.qa.testcases.LoginPageTest -->
