<?xml version="1.0" encoding="UTF-8"?>
<!-- Generated by org.testng.reporters.JUnitReportReporter -->
<testsuite hostname="DESKTOP-PDS6BS2" failures="0" tests="1" name="com.mystore.qa.testcases.SearchProductTest" time="46.876" errors="0" timestamp="2025-03-22T00:12:05 IST" skipped="0">
  <testcase classname="com.mystore.qa.testcases.SearchProductTest" name="SearchProductTest" time="46.876"/>
</testsuite> <!-- com.mystore.qa.testcases.SearchProductTest -->
