<?xml version="1.0" encoding="UTF-8"?>
<!-- Generated by org.testng.reporters.JUnitReportReporter -->
<testsuite hostname="DESKTOP-PDS6BS2" failures="0" tests="2" name="com.mystore.qa.testcases.LoginPageTest" time="29.034" errors="0" timestamp="2025-03-22T00:04:46 IST" skipped="0">
  <testcase classname="com.mystore.qa.testcases.LoginPageTest" name="loginPageValidationTest" time="9.647"/>
  <testcase classname="com.mystore.qa.testcases.LoginPageTest" name="loginTest" time="19.387"/>
</testsuite> <!-- com.mystore.qa.testcases.LoginPageTest -->
