<?xml version="1.0" encoding="UTF-8"?>
<!-- Generated by org.testng.reporters.JUnitReportReporter -->
<testsuite hostname="DESKTOP-PDS6BS2" failures="0" tests="2" name="com.mystore.qa.testcases.LoginPageTest" time="52.305" errors="0" timestamp="2025-03-17T13:30:19 IST" skipped="0">
  <testcase classname="com.mystore.qa.testcases.LoginPageTest" name="loginPageValidationTest" time="38.600"/>
  <testcase classname="com.mystore.qa.testcases.LoginPageTest" name="loginTest" time="13.705"/>
</testsuite> <!-- com.mystore.qa.testcases.LoginPageTest -->
