<?xml version="1.0" encoding="UTF-8"?>
<!-- Generated by org.testng.reporters.JUnitReportReporter -->
<testsuite hostname="DESKTOP-PDS6BS2" failures="0" tests="2" name="com.mystore.qa.testcases.LoginPageTest" time="28.640" errors="0" timestamp="2025-03-19T00:29:32 IST" skipped="0">
  <testcase classname="com.mystore.qa.testcases.LoginPageTest" name="loginPageValidationTest" time="10.341"/>
  <testcase classname="com.mystore.qa.testcases.LoginPageTest" name="loginTest" time="18.299"/>
</testsuite> <!-- com.mystore.qa.testcases.LoginPageTest -->
