<?xml version="1.0" encoding="UTF-8"?>
<!-- Generated by org.testng.reporters.JUnitReportReporter -->
<testsuite hostname="DESKTOP-PDS6BS2" failures="0" tests="2" name="com.mystore.qa.testcases.LoginPageTest" time="29.264" errors="0" timestamp="2025-03-18T11:39:22 IST" skipped="0">
  <testcase classname="com.mystore.qa.testcases.LoginPageTest" name="loginPageValidationTest" time="14.832"/>
  <testcase classname="com.mystore.qa.testcases.LoginPageTest" name="loginTest" time="14.432"/>
</testsuite> <!-- com.mystore.qa.testcases.LoginPageTest -->
