<?xml version="1.0" encoding="UTF-8"?>
<!-- Generated by org.testng.reporters.JUnitReportReporter -->
<testsuite hostname="DESKTOP-PDS6BS2" failures="0" tests="2" name="com.mystore.qa.testcases.LoginPageTest" time="91.336" errors="0" timestamp="2025-03-17T17:12:08 IST" skipped="0">
  <testcase classname="com.mystore.qa.testcases.LoginPageTest" name="loginPageValidationTest" time="43.403"/>
  <testcase classname="com.mystore.qa.testcases.LoginPageTest" name="loginTest" time="47.933"/>
</testsuite> <!-- com.mystore.qa.testcases.LoginPageTest -->
